<?xml version="1.0" encoding="UTF-8"?>
<!-- Generated by org.testng.reporters.JUnitReportReporter -->
<testsuite hostname="DESKTOP-05Q0BM7" failures="0" tests="19" name="com.Runner.UniversalClassRunner" time="163.117" errors="0" timestamp="2022-05-23T01:49:52 IST" skipped="0">
  <testcase classname="com.Runner.UniversalClassRunner" name="Scenario" time="5.825"/>
  <system-out/>
  <testcase classname="com.Runner.UniversalClassRunner" name="Scenario" time="10.350"/>
  <system-out/>
  <testcase classname="com.Runner.UniversalClassRunner" name="Scenario" time="5.497"/>
  <system-out/>
  <testcase classname="com.Runner.UniversalClassRunner" name="Scenario" time="8.958"/>
  <system-out/>
  <testcase classname="com.Runner.UniversalClassRunner" name="Scenario" time="7.168"/>
  <system-out/>
  <testcase classname="com.Runner.UniversalClassRunner" name="Scenario" time="11.936"/>
  <system-out/>
  <testcase classname="com.Runner.UniversalClassRunner" name="Scenario" time="5.650"/>
  <system-out/>
  <testcase classname="com.Runner.UniversalClassRunner" name="Scenario" time="7.218"/>
  <system-out/>
  <testcase classname="com.Runner.UniversalClassRunner" name="Scenario" time="7.270"/>
  <system-out/>
  <testcase classname="com.Runner.UniversalClassRunner" name="Scenario" time="11.366"/>
  <system-out/>
  <testcase classname="com.Runner.UniversalClassRunner" name="Scenario" time="8.091"/>
  <system-out/>
  <testcase classname="com.Runner.UniversalClassRunner" name="Scenario" time="7.233"/>
  <system-out/>
  <testcase classname="com.Runner.UniversalClassRunner" name="Scenario" time="11.393"/>
  <system-out/>
  <testcase classname="com.Runner.UniversalClassRunner" name="Scenario" time="10.767"/>
  <system-out/>
  <testcase classname="com.Runner.UniversalClassRunner" name="Scenario" time="8.032"/>
  <system-out/>
  <testcase classname="com.Runner.UniversalClassRunner" name="Scenario" time="12.069"/>
  <system-out/>
  <testcase classname="com.Runner.UniversalClassRunner" name="Scenario" time="12.922"/>
  <system-out/>
  <testcase classname="com.Runner.UniversalClassRunner" name="Scenario" time="5.533"/>
  <system-out/>
  <testcase classname="com.Runner.UniversalClassRunner" name="Scenario" time="5.839"/>
  <system-out/>
</testsuite> <!-- com.Runner.UniversalClassRunner -->
